2024-12-17 22:03:37,106 - vae_training - INFO - 
Starting training for attack type: drdos_dns
2024-12-17 22:04:35,798 - vae_training - INFO - Attack: drdos_dns, Epoch: 0, Batch: 0, Loss: 46700.9219
2024-12-17 22:05:19,036 - vae_training - INFO - Attack: drdos_dns, Epoch: 0, Batch: 4500, Loss: 12755.4189
2024-12-17 22:05:48,646 - vae_training - INFO - Attack: drdos_dns, Epoch: 0, Average Train Loss: 65.5021
2024-12-17 22:05:59,402 - vae_training - INFO - Attack: drdos_dns, Epoch: 0, Train Loss: 65.5021, Average Val Loss: 118.3585
2024-12-17 22:05:59,420 - vae_training - INFO - Saved new best model with validation loss: 118.36
2024-12-17 22:05:59,510 - vae_training - INFO - Attack: drdos_dns, Epoch: 1, Batch: 0, Loss: 967.1410
2024-12-17 22:06:39,488 - vae_training - INFO - Attack: drdos_dns, Epoch: 1, Batch: 4500, Loss: 787.1929
2024-12-17 22:07:08,649 - vae_training - INFO - Attack: drdos_dns, Epoch: 1, Average Train Loss: 54.3257
2024-12-17 22:07:08,733 - vae_training - INFO - Attack: drdos_dns, Epoch: 2, Batch: 0, Loss: 10029.8271
2024-12-17 22:07:48,329 - vae_training - INFO - Attack: drdos_dns, Epoch: 2, Batch: 4500, Loss: 761.5345
2024-12-17 22:08:17,740 - vae_training - INFO - Attack: drdos_dns, Epoch: 2, Average Train Loss: 51.0941
2024-12-17 22:08:17,832 - vae_training - INFO - Attack: drdos_dns, Epoch: 3, Batch: 0, Loss: 644.8361
2024-12-17 22:08:56,885 - vae_training - INFO - Attack: drdos_dns, Epoch: 3, Batch: 4500, Loss: 4889.0244
2024-12-17 22:09:26,876 - vae_training - INFO - Attack: drdos_dns, Epoch: 3, Average Train Loss: 48.4883
2024-12-17 22:09:37,554 - vae_training - INFO - Attack: drdos_dns, Epoch: 3, Train Loss: 48.4883, Average Val Loss: 108.8765
2024-12-17 22:09:37,561 - vae_training - INFO - Saved new best model with validation loss: 108.88
2024-12-17 22:09:37,661 - vae_training - INFO - Attack: drdos_dns, Epoch: 4, Batch: 0, Loss: 796.7471
2024-12-17 22:10:17,570 - vae_training - INFO - Attack: drdos_dns, Epoch: 4, Batch: 4500, Loss: 668.4605
2024-12-17 22:10:46,974 - vae_training - INFO - Attack: drdos_dns, Epoch: 4, Average Train Loss: 46.2176
2024-12-17 22:10:47,068 - vae_training - INFO - Attack: drdos_dns, Epoch: 5, Batch: 0, Loss: 268842.2500
2024-12-17 22:11:26,610 - vae_training - INFO - Attack: drdos_dns, Epoch: 5, Batch: 4500, Loss: 579.1339
2024-12-17 22:11:57,580 - vae_training - INFO - Attack: drdos_dns, Epoch: 5, Average Train Loss: 44.2609
2024-12-17 22:11:57,670 - vae_training - INFO - Attack: drdos_dns, Epoch: 6, Batch: 0, Loss: 732.3732
2024-12-17 22:12:37,351 - vae_training - INFO - Attack: drdos_dns, Epoch: 6, Batch: 4500, Loss: 593.6005
2024-12-17 22:13:09,906 - vae_training - INFO - Attack: drdos_dns, Epoch: 6, Average Train Loss: 42.6808
2024-12-17 22:13:21,155 - vae_training - INFO - Attack: drdos_dns, Epoch: 6, Train Loss: 42.6808, Average Val Loss: 103.4741
2024-12-17 22:13:21,161 - vae_training - INFO - Saved new best model with validation loss: 103.47
2024-12-17 22:13:21,253 - vae_training - INFO - Attack: drdos_dns, Epoch: 7, Batch: 0, Loss: 557.5988
2024-12-17 22:14:03,401 - vae_training - INFO - Attack: drdos_dns, Epoch: 7, Batch: 4500, Loss: 551.8972
2024-12-17 22:14:39,556 - vae_training - INFO - Attack: drdos_dns, Epoch: 7, Average Train Loss: 41.0044
2024-12-17 22:14:39,638 - vae_training - INFO - Attack: drdos_dns, Epoch: 8, Batch: 0, Loss: 518.5334
2024-12-17 22:15:15,914 - vae_training - INFO - Attack: drdos_dns, Epoch: 8, Batch: 4500, Loss: 593.0861
2024-12-17 22:15:43,999 - vae_training - INFO - Attack: drdos_dns, Epoch: 8, Average Train Loss: 39.4288
2024-12-17 22:15:44,091 - vae_training - INFO - Attack: drdos_dns, Epoch: 9, Batch: 0, Loss: 559.8926
2024-12-17 22:16:20,132 - vae_training - INFO - Attack: drdos_dns, Epoch: 9, Batch: 4500, Loss: 1761.1981
2024-12-17 22:16:48,905 - vae_training - INFO - Attack: drdos_dns, Epoch: 9, Average Train Loss: 38.2231
2024-12-17 22:17:07,335 - vae_training - INFO - Attack: drdos_dns, Epoch: 9, Train Loss: 38.2231, Average Val Loss: 98.9327
2024-12-17 22:17:07,355 - vae_training - INFO - Saved new best model with validation loss: 98.93
2024-12-17 22:17:07,555 - vae_training - INFO - Attack: drdos_dns, Epoch: 10, Batch: 0, Loss: 113950.0391
2024-12-17 22:17:50,202 - vae_training - INFO - Attack: drdos_dns, Epoch: 10, Batch: 4500, Loss: 8820.2188
2024-12-17 22:18:18,463 - vae_training - INFO - Attack: drdos_dns, Epoch: 10, Average Train Loss: 37.0601
2024-12-17 22:18:18,546 - vae_training - INFO - Attack: drdos_dns, Epoch: 11, Batch: 0, Loss: 580.0145
2024-12-17 22:18:54,805 - vae_training - INFO - Attack: drdos_dns, Epoch: 11, Batch: 4500, Loss: 590.8283
2024-12-17 22:19:23,726 - vae_training - INFO - Attack: drdos_dns, Epoch: 11, Average Train Loss: 36.1222
2024-12-17 22:19:23,808 - vae_training - INFO - Attack: drdos_dns, Epoch: 12, Batch: 0, Loss: 652.1627
2024-12-17 22:20:02,539 - vae_training - INFO - Attack: drdos_dns, Epoch: 12, Batch: 4500, Loss: 2888.1938
2024-12-17 22:20:31,620 - vae_training - INFO - Attack: drdos_dns, Epoch: 12, Average Train Loss: 35.2409
2024-12-17 22:20:48,951 - vae_training - INFO - Attack: drdos_dns, Epoch: 12, Train Loss: 35.2409, Average Val Loss: 95.2923
2024-12-17 22:20:48,972 - vae_training - INFO - Saved new best model with validation loss: 95.29
2024-12-17 22:20:49,110 - vae_training - INFO - Attack: drdos_dns, Epoch: 13, Batch: 0, Loss: 688.6250
2024-12-17 22:21:26,285 - vae_training - INFO - Attack: drdos_dns, Epoch: 13, Batch: 4500, Loss: 1932.6007
2024-12-17 22:21:53,620 - vae_training - INFO - Attack: drdos_dns, Epoch: 13, Average Train Loss: 34.5680
2024-12-17 22:21:53,710 - vae_training - INFO - Attack: drdos_dns, Epoch: 14, Batch: 0, Loss: 537.3246
2024-12-17 22:22:31,262 - vae_training - INFO - Attack: drdos_dns, Epoch: 14, Batch: 4500, Loss: 545.8069
2024-12-17 22:23:00,416 - vae_training - INFO - Attack: drdos_dns, Epoch: 14, Average Train Loss: 33.5920
2024-12-17 22:23:00,502 - vae_training - INFO - Attack: drdos_dns, Epoch: 15, Batch: 0, Loss: 584.9185
2024-12-17 22:23:41,900 - vae_training - INFO - Attack: drdos_dns, Epoch: 15, Batch: 4500, Loss: 3152.8394
2024-12-17 22:24:10,719 - vae_training - INFO - Attack: drdos_dns, Epoch: 15, Average Train Loss: 33.1945
2024-12-17 22:24:25,417 - vae_training - INFO - Attack: drdos_dns, Epoch: 15, Train Loss: 33.1945, Average Val Loss: 93.1949
2024-12-17 22:24:25,437 - vae_training - INFO - Saved new best model with validation loss: 93.19
2024-12-17 22:24:25,531 - vae_training - INFO - Attack: drdos_dns, Epoch: 16, Batch: 0, Loss: 786.9045
2024-12-17 22:25:03,784 - vae_training - INFO - Attack: drdos_dns, Epoch: 16, Batch: 4500, Loss: 568.2134
2024-12-17 22:25:32,051 - vae_training - INFO - Attack: drdos_dns, Epoch: 16, Average Train Loss: 32.3291
2024-12-17 22:25:32,130 - vae_training - INFO - Attack: drdos_dns, Epoch: 17, Batch: 0, Loss: 823.3479
2024-12-17 22:26:11,193 - vae_training - INFO - Attack: drdos_dns, Epoch: 17, Batch: 4500, Loss: 519.2498
2024-12-17 22:26:41,415 - vae_training - INFO - Attack: drdos_dns, Epoch: 17, Average Train Loss: 32.0554
2024-12-17 22:26:41,499 - vae_training - INFO - Attack: drdos_dns, Epoch: 18, Batch: 0, Loss: 569.5596
2024-12-17 22:27:19,668 - vae_training - INFO - Attack: drdos_dns, Epoch: 18, Batch: 4500, Loss: 1270.0171
2024-12-17 22:27:46,419 - vae_training - INFO - Attack: drdos_dns, Epoch: 18, Average Train Loss: 31.2922
2024-12-17 22:28:00,890 - vae_training - INFO - Attack: drdos_dns, Epoch: 18, Train Loss: 31.2922, Average Val Loss: 91.3760
2024-12-17 22:28:00,911 - vae_training - INFO - Saved new best model with validation loss: 91.38
2024-12-17 22:28:01,047 - vae_training - INFO - Attack: drdos_dns, Epoch: 19, Batch: 0, Loss: 738.7427
2024-12-17 22:28:39,547 - vae_training - INFO - Attack: drdos_dns, Epoch: 19, Batch: 4500, Loss: 738.6981
2024-12-17 22:29:06,515 - vae_training - INFO - Attack: drdos_dns, Epoch: 19, Average Train Loss: 30.9386
2024-12-17 22:29:06,517 - vae_training - INFO - 
Starting training for attack type: drdos_ldap
2024-12-17 22:29:29,299 - vae_training - INFO - Loading previous model to continue training
2024-12-17 22:29:29,504 - vae_training - INFO - Attack: drdos_ldap, Epoch: 0, Batch: 0, Loss: 8043.0083
2024-12-17 22:29:57,853 - vae_training - INFO - Attack: drdos_ldap, Epoch: 0, Average Train Loss: 34.7956
2024-12-17 22:30:01,982 - vae_training - INFO - Attack: drdos_ldap, Epoch: 0, Train Loss: 34.7956, Average Val Loss: 38.3930
2024-12-17 22:30:01,989 - vae_training - INFO - Saved new best model with validation loss: 38.39
2024-12-17 22:30:02,024 - vae_training - INFO - Attack: drdos_ldap, Epoch: 1, Batch: 0, Loss: 1190.8950
2024-12-17 22:30:31,214 - vae_training - INFO - Attack: drdos_ldap, Epoch: 1, Average Train Loss: 32.2165
2024-12-17 22:30:31,248 - vae_training - INFO - Attack: drdos_ldap, Epoch: 2, Batch: 0, Loss: 29481.6680
2024-12-17 22:30:57,473 - vae_training - INFO - Attack: drdos_ldap, Epoch: 2, Average Train Loss: 31.4032
2024-12-17 22:30:57,510 - vae_training - INFO - Attack: drdos_ldap, Epoch: 3, Batch: 0, Loss: 626.6790
2024-12-17 22:31:24,560 - vae_training - INFO - Attack: drdos_ldap, Epoch: 3, Average Train Loss: 30.9356
2024-12-17 22:31:28,758 - vae_training - INFO - Attack: drdos_ldap, Epoch: 3, Train Loss: 30.9356, Average Val Loss: 35.4439
2024-12-17 22:31:28,765 - vae_training - INFO - Saved new best model with validation loss: 35.44
2024-12-17 22:31:28,804 - vae_training - INFO - Attack: drdos_ldap, Epoch: 4, Batch: 0, Loss: 535.1337
2024-12-17 22:32:09,537 - vae_training - INFO - Attack: drdos_ldap, Epoch: 4, Average Train Loss: 29.7955
2024-12-17 22:32:09,598 - vae_training - INFO - Attack: drdos_ldap, Epoch: 5, Batch: 0, Loss: 516.1986
2024-12-17 22:32:40,067 - vae_training - INFO - Attack: drdos_ldap, Epoch: 5, Average Train Loss: 29.4369
2024-12-17 22:32:40,105 - vae_training - INFO - Attack: drdos_ldap, Epoch: 6, Batch: 0, Loss: 661.5707
2024-12-17 22:33:13,375 - vae_training - INFO - Attack: drdos_ldap, Epoch: 6, Average Train Loss: 28.8666
2024-12-17 22:33:18,133 - vae_training - INFO - Attack: drdos_ldap, Epoch: 6, Train Loss: 28.8666, Average Val Loss: 33.4901
2024-12-17 22:33:18,139 - vae_training - INFO - Saved new best model with validation loss: 33.49
2024-12-17 22:33:18,178 - vae_training - INFO - Attack: drdos_ldap, Epoch: 7, Batch: 0, Loss: 624.0808
2024-12-17 22:33:48,053 - vae_training - INFO - Attack: drdos_ldap, Epoch: 7, Average Train Loss: 28.7097
2024-12-17 22:33:48,088 - vae_training - INFO - Attack: drdos_ldap, Epoch: 8, Batch: 0, Loss: 583.0819
2024-12-17 22:34:19,112 - vae_training - INFO - Attack: drdos_ldap, Epoch: 8, Average Train Loss: 28.4984
2024-12-17 22:34:19,151 - vae_training - INFO - Attack: drdos_ldap, Epoch: 9, Batch: 0, Loss: 699.2745
2024-12-17 22:34:49,147 - vae_training - INFO - Attack: drdos_ldap, Epoch: 9, Average Train Loss: 28.0427
2024-12-17 22:34:53,350 - vae_training - INFO - Attack: drdos_ldap, Epoch: 9, Train Loss: 28.0427, Average Val Loss: 32.2006
2024-12-17 22:34:53,356 - vae_training - INFO - Saved new best model with validation loss: 32.20
2024-12-17 22:34:53,392 - vae_training - INFO - Attack: drdos_ldap, Epoch: 10, Batch: 0, Loss: 748.5906
2024-12-17 22:35:50,490 - vae_training - INFO - Attack: drdos_ldap, Epoch: 10, Average Train Loss: 27.5660
2024-12-17 22:35:50,558 - vae_training - INFO - Attack: drdos_ldap, Epoch: 11, Batch: 0, Loss: 502.4002
2024-12-17 22:37:02,174 - vae_training - INFO - Attack: drdos_ldap, Epoch: 11, Average Train Loss: 27.4583
2024-12-17 22:37:02,219 - vae_training - INFO - Attack: drdos_ldap, Epoch: 12, Batch: 0, Loss: 518.4093
2024-12-17 22:37:32,535 - vae_training - INFO - Attack: drdos_ldap, Epoch: 12, Average Train Loss: 27.1843
2024-12-17 22:37:37,273 - vae_training - INFO - Attack: drdos_ldap, Epoch: 12, Train Loss: 27.1843, Average Val Loss: 30.9141
2024-12-17 22:37:37,278 - vae_training - INFO - Saved new best model with validation loss: 30.91
2024-12-17 22:37:37,315 - vae_training - INFO - Attack: drdos_ldap, Epoch: 13, Batch: 0, Loss: 2694.1177
2024-12-17 22:38:30,142 - vae_training - INFO - Attack: drdos_ldap, Epoch: 13, Average Train Loss: 26.8315
2024-12-17 22:38:30,180 - vae_training - INFO - Attack: drdos_ldap, Epoch: 14, Batch: 0, Loss: 682.3361
2024-12-17 22:38:59,192 - vae_training - INFO - Attack: drdos_ldap, Epoch: 14, Average Train Loss: 26.8637
2024-12-17 22:38:59,234 - vae_training - INFO - Attack: drdos_ldap, Epoch: 15, Batch: 0, Loss: 1880.6794
2024-12-17 22:39:29,058 - vae_training - INFO - Attack: drdos_ldap, Epoch: 15, Average Train Loss: 26.2697
2024-12-17 22:39:33,542 - vae_training - INFO - Attack: drdos_ldap, Epoch: 15, Train Loss: 26.2697, Average Val Loss: 29.8909
2024-12-17 22:39:33,548 - vae_training - INFO - Saved new best model with validation loss: 29.89
2024-12-17 22:39:33,588 - vae_training - INFO - Attack: drdos_ldap, Epoch: 16, Batch: 0, Loss: 59178.8867
2024-12-17 22:40:19,061 - vae_training - INFO - Attack: drdos_ldap, Epoch: 16, Average Train Loss: 26.1402
2024-12-17 22:40:19,097 - vae_training - INFO - Attack: drdos_ldap, Epoch: 17, Batch: 0, Loss: 503.7538
2024-12-17 22:41:19,050 - vae_training - INFO - Attack: drdos_ldap, Epoch: 17, Average Train Loss: 25.4512
2024-12-17 22:41:19,094 - vae_training - INFO - Attack: drdos_ldap, Epoch: 18, Batch: 0, Loss: 584.8794
2024-12-17 22:42:01,527 - vae_training - INFO - Attack: drdos_ldap, Epoch: 18, Average Train Loss: 25.6203
2024-12-17 22:42:05,866 - vae_training - INFO - Attack: drdos_ldap, Epoch: 18, Train Loss: 25.6203, Average Val Loss: 28.9552
2024-12-17 22:42:05,871 - vae_training - INFO - Saved new best model with validation loss: 28.96
2024-12-17 22:42:05,920 - vae_training - INFO - Attack: drdos_ldap, Epoch: 19, Batch: 0, Loss: 616.1266
2024-12-17 22:42:49,007 - vae_training - INFO - Attack: drdos_ldap, Epoch: 19, Average Train Loss: 25.3368
2024-12-17 22:42:49,008 - vae_training - INFO - 
Starting training for attack type: drdos_mssql
2024-12-17 22:43:59,740 - vae_training - INFO - Loading previous model to continue training
2024-12-17 22:44:00,889 - vae_training - INFO - Attack: drdos_mssql, Epoch: 0, Batch: 0, Loss: 3507.0857
2024-12-17 22:45:36,272 - vae_training - INFO - Attack: drdos_mssql, Epoch: 0, Batch: 4500, Loss: 1038.7853
2024-12-17 22:46:27,397 - vae_training - INFO - Attack: drdos_mssql, Epoch: 0, Average Train Loss: 33.5567
2024-12-17 22:46:48,634 - vae_training - INFO - Attack: drdos_mssql, Epoch: 0, Train Loss: 33.5567, Average Val Loss: 41.8914
2024-12-17 22:46:48,651 - vae_training - INFO - Saved new best model with validation loss: 41.89
2024-12-17 22:46:48,757 - vae_training - INFO - Attack: drdos_mssql, Epoch: 1, Batch: 0, Loss: 909.8038
2024-12-17 22:48:07,496 - vae_training - INFO - Attack: drdos_mssql, Epoch: 1, Batch: 4500, Loss: 980.2238
2024-12-17 22:48:30,525 - vae_training - INFO - Attack: drdos_mssql, Epoch: 1, Average Train Loss: 29.4666
2024-12-17 22:48:30,600 - vae_training - INFO - Attack: drdos_mssql, Epoch: 2, Batch: 0, Loss: 939.6353
2024-12-17 22:49:09,249 - vae_training - INFO - Attack: drdos_mssql, Epoch: 2, Batch: 4500, Loss: 918.3757
2024-12-17 22:49:31,800 - vae_training - INFO - Attack: drdos_mssql, Epoch: 2, Average Train Loss: 28.0811
2024-12-17 22:49:31,877 - vae_training - INFO - Attack: drdos_mssql, Epoch: 3, Batch: 0, Loss: 857.3314
2024-12-17 22:50:10,955 - vae_training - INFO - Attack: drdos_mssql, Epoch: 3, Batch: 4500, Loss: 773.9453
2024-12-17 22:50:33,224 - vae_training - INFO - Attack: drdos_mssql, Epoch: 3, Average Train Loss: 27.5258
2024-12-17 22:50:42,716 - vae_training - INFO - Attack: drdos_mssql, Epoch: 3, Train Loss: 27.5258, Average Val Loss: 39.0660
2024-12-17 22:50:42,725 - vae_training - INFO - Saved new best model with validation loss: 39.07
2024-12-17 22:50:42,814 - vae_training - INFO - Attack: drdos_mssql, Epoch: 4, Batch: 0, Loss: 1663.0735
2024-12-17 22:51:19,918 - vae_training - INFO - Attack: drdos_mssql, Epoch: 4, Batch: 4500, Loss: 1018.8628
2024-12-17 22:51:41,396 - vae_training - INFO - Attack: drdos_mssql, Epoch: 4, Average Train Loss: 27.2391
2024-12-17 22:51:41,471 - vae_training - INFO - Attack: drdos_mssql, Epoch: 5, Batch: 0, Loss: 936.5340
2024-12-17 22:52:19,942 - vae_training - INFO - Attack: drdos_mssql, Epoch: 5, Batch: 4500, Loss: 1912.5889
2024-12-17 22:52:41,417 - vae_training - INFO - Attack: drdos_mssql, Epoch: 5, Average Train Loss: 26.6592
2024-12-17 22:52:41,488 - vae_training - INFO - Attack: drdos_mssql, Epoch: 6, Batch: 0, Loss: 762.0258
2024-12-17 22:53:18,782 - vae_training - INFO - Attack: drdos_mssql, Epoch: 6, Batch: 4500, Loss: 1660.8721
2024-12-17 22:53:41,763 - vae_training - INFO - Attack: drdos_mssql, Epoch: 6, Average Train Loss: 26.5283
2024-12-17 22:53:51,619 - vae_training - INFO - Attack: drdos_mssql, Epoch: 6, Train Loss: 26.5283, Average Val Loss: 38.2094
2024-12-17 22:53:51,627 - vae_training - INFO - Saved new best model with validation loss: 38.21
2024-12-17 22:53:51,725 - vae_training - INFO - Attack: drdos_mssql, Epoch: 7, Batch: 0, Loss: 1812.0178
2024-12-17 22:54:30,956 - vae_training - INFO - Attack: drdos_mssql, Epoch: 7, Batch: 4500, Loss: 702.4771
2024-12-17 22:54:53,218 - vae_training - INFO - Attack: drdos_mssql, Epoch: 7, Average Train Loss: 26.1998
2024-12-17 22:54:53,293 - vae_training - INFO - Attack: drdos_mssql, Epoch: 8, Batch: 0, Loss: 715.4144
2024-12-17 22:55:32,665 - vae_training - INFO - Attack: drdos_mssql, Epoch: 8, Batch: 4500, Loss: 851.2924
2024-12-17 22:55:54,499 - vae_training - INFO - Attack: drdos_mssql, Epoch: 8, Average Train Loss: 26.0634
2024-12-17 22:55:54,573 - vae_training - INFO - Attack: drdos_mssql, Epoch: 9, Batch: 0, Loss: 749.1995
2024-12-17 22:56:30,638 - vae_training - INFO - Attack: drdos_mssql, Epoch: 9, Batch: 4500, Loss: 743.6057
2024-12-17 22:56:51,840 - vae_training - INFO - Attack: drdos_mssql, Epoch: 9, Average Train Loss: 25.3635
2024-12-17 22:57:01,709 - vae_training - INFO - Attack: drdos_mssql, Epoch: 9, Train Loss: 25.3635, Average Val Loss: 37.3183
2024-12-17 22:57:01,715 - vae_training - INFO - Saved new best model with validation loss: 37.32
2024-12-17 22:57:01,788 - vae_training - INFO - Attack: drdos_mssql, Epoch: 10, Batch: 0, Loss: 911.2212
2024-12-17 22:57:38,305 - vae_training - INFO - Attack: drdos_mssql, Epoch: 10, Batch: 4500, Loss: 2531.2251
2024-12-17 22:57:58,753 - vae_training - INFO - Attack: drdos_mssql, Epoch: 10, Average Train Loss: 25.1856
2024-12-17 22:57:58,830 - vae_training - INFO - Attack: drdos_mssql, Epoch: 11, Batch: 0, Loss: 737.5419
2024-12-17 22:58:36,514 - vae_training - INFO - Attack: drdos_mssql, Epoch: 11, Batch: 4500, Loss: 788.3220
2024-12-17 22:58:57,012 - vae_training - INFO - Attack: drdos_mssql, Epoch: 11, Average Train Loss: 24.7859
2024-12-17 22:58:57,089 - vae_training - INFO - Attack: drdos_mssql, Epoch: 12, Batch: 0, Loss: 728.4545
2024-12-17 22:59:33,492 - vae_training - INFO - Attack: drdos_mssql, Epoch: 12, Batch: 4500, Loss: 1644.6848
2024-12-17 22:59:53,904 - vae_training - INFO - Attack: drdos_mssql, Epoch: 12, Average Train Loss: 24.7157
2024-12-17 23:00:03,166 - vae_training - INFO - Attack: drdos_mssql, Epoch: 12, Train Loss: 24.7157, Average Val Loss: 36.4420
2024-12-17 23:00:03,171 - vae_training - INFO - Saved new best model with validation loss: 36.44
2024-12-17 23:00:03,239 - vae_training - INFO - Attack: drdos_mssql, Epoch: 13, Batch: 0, Loss: 1048.3231
2024-12-17 23:00:38,995 - vae_training - INFO - Attack: drdos_mssql, Epoch: 13, Batch: 4500, Loss: 761.0655
2024-12-17 23:01:00,121 - vae_training - INFO - Attack: drdos_mssql, Epoch: 13, Average Train Loss: 24.5150
2024-12-17 23:01:00,196 - vae_training - INFO - Attack: drdos_mssql, Epoch: 14, Batch: 0, Loss: 2038.5553
2024-12-17 23:01:38,687 - vae_training - INFO - Attack: drdos_mssql, Epoch: 14, Batch: 4500, Loss: 767.5403
2024-12-17 23:02:00,568 - vae_training - INFO - Attack: drdos_mssql, Epoch: 14, Average Train Loss: 24.5473
2024-12-17 23:02:00,656 - vae_training - INFO - Attack: drdos_mssql, Epoch: 15, Batch: 0, Loss: 763.2495
2024-12-17 23:02:40,197 - vae_training - INFO - Attack: drdos_mssql, Epoch: 15, Batch: 4500, Loss: 725.2549
2024-12-17 23:03:01,916 - vae_training - INFO - Attack: drdos_mssql, Epoch: 15, Average Train Loss: 23.8111
2024-12-17 23:03:11,407 - vae_training - INFO - Attack: drdos_mssql, Epoch: 15, Train Loss: 23.8111, Average Val Loss: 35.8773
2024-12-17 23:03:11,412 - vae_training - INFO - Saved new best model with validation loss: 35.88
2024-12-17 23:03:11,495 - vae_training - INFO - Attack: drdos_mssql, Epoch: 16, Batch: 0, Loss: 665.7087
2024-12-17 23:03:56,477 - vae_training - INFO - Attack: drdos_mssql, Epoch: 16, Batch: 4500, Loss: 1034.8127
2024-12-17 23:04:18,606 - vae_training - INFO - Attack: drdos_mssql, Epoch: 16, Average Train Loss: 23.5944
2024-12-17 23:04:18,684 - vae_training - INFO - Attack: drdos_mssql, Epoch: 17, Batch: 0, Loss: 732.6073
2024-12-17 23:04:56,806 - vae_training - INFO - Attack: drdos_mssql, Epoch: 17, Batch: 4500, Loss: 713.4595
2024-12-17 23:05:18,504 - vae_training - INFO - Attack: drdos_mssql, Epoch: 17, Average Train Loss: 23.7252
2024-12-17 23:05:18,587 - vae_training - INFO - Attack: drdos_mssql, Epoch: 18, Batch: 0, Loss: 630.6304
2024-12-17 23:05:59,827 - vae_training - INFO - Attack: drdos_mssql, Epoch: 18, Batch: 4500, Loss: 706.8902
2024-12-17 23:06:25,386 - vae_training - INFO - Attack: drdos_mssql, Epoch: 18, Average Train Loss: 23.3976
2024-12-17 23:06:41,339 - vae_training - INFO - Attack: drdos_mssql, Epoch: 18, Train Loss: 23.3976, Average Val Loss: 35.2774
2024-12-17 23:06:41,365 - vae_training - INFO - Saved new best model with validation loss: 35.28
2024-12-17 23:06:41,529 - vae_training - INFO - Attack: drdos_mssql, Epoch: 19, Batch: 0, Loss: 659.8070
2024-12-17 23:07:18,746 - vae_training - INFO - Attack: drdos_mssql, Epoch: 19, Batch: 4500, Loss: 752.6039
2024-12-17 23:07:40,290 - vae_training - INFO - Attack: drdos_mssql, Epoch: 19, Average Train Loss: 23.3590
2024-12-17 23:07:40,291 - vae_training - INFO - 
Starting training for attack type: drdos_netbios
2024-12-17 23:08:26,087 - vae_training - INFO - Loading previous model to continue training
2024-12-17 23:08:26,619 - vae_training - INFO - Attack: drdos_netbios, Epoch: 0, Batch: 0, Loss: 9487.7266
2024-12-17 23:09:05,955 - vae_training - INFO - Attack: drdos_netbios, Epoch: 0, Batch: 4500, Loss: 889.6100
2024-12-17 23:09:20,971 - vae_training - INFO - Attack: drdos_netbios, Epoch: 0, Average Train Loss: 25.4019
2024-12-17 23:09:29,204 - vae_training - INFO - Attack: drdos_netbios, Epoch: 0, Train Loss: 25.4019, Average Val Loss: 38.1579
2024-12-17 23:09:29,213 - vae_training - INFO - Saved new best model with validation loss: 38.16
2024-12-17 23:09:29,276 - vae_training - INFO - Attack: drdos_netbios, Epoch: 1, Batch: 0, Loss: 998.0076
2024-12-17 23:10:04,554 - vae_training - INFO - Attack: drdos_netbios, Epoch: 1, Batch: 4500, Loss: 799.0745
2024-12-17 23:10:20,055 - vae_training - INFO - Attack: drdos_netbios, Epoch: 1, Average Train Loss: 23.9181
2024-12-17 23:10:20,117 - vae_training - INFO - Attack: drdos_netbios, Epoch: 2, Batch: 0, Loss: 576.2081
2024-12-17 23:10:56,162 - vae_training - INFO - Attack: drdos_netbios, Epoch: 2, Batch: 4500, Loss: 100574.6719
2024-12-17 23:11:12,019 - vae_training - INFO - Attack: drdos_netbios, Epoch: 2, Average Train Loss: 23.0340
2024-12-17 23:11:12,076 - vae_training - INFO - Attack: drdos_netbios, Epoch: 3, Batch: 0, Loss: 552.2761
2024-12-17 23:11:52,749 - vae_training - INFO - Attack: drdos_netbios, Epoch: 3, Batch: 4500, Loss: 643.4111
2024-12-17 23:12:10,929 - vae_training - INFO - Attack: drdos_netbios, Epoch: 3, Average Train Loss: 22.4319
2024-12-17 23:12:19,376 - vae_training - INFO - Attack: drdos_netbios, Epoch: 3, Train Loss: 22.4319, Average Val Loss: 36.4063
2024-12-17 23:12:19,380 - vae_training - INFO - Saved new best model with validation loss: 36.41
2024-12-17 23:12:19,449 - vae_training - INFO - Attack: drdos_netbios, Epoch: 4, Batch: 0, Loss: 1322.3893
2024-12-17 23:12:55,366 - vae_training - INFO - Attack: drdos_netbios, Epoch: 4, Batch: 4500, Loss: 577.2963
2024-12-17 23:13:09,553 - vae_training - INFO - Attack: drdos_netbios, Epoch: 4, Average Train Loss: 22.0165
2024-12-17 23:13:09,611 - vae_training - INFO - Attack: drdos_netbios, Epoch: 5, Batch: 0, Loss: 893.4230
2024-12-17 23:13:43,721 - vae_training - INFO - Attack: drdos_netbios, Epoch: 5, Batch: 4500, Loss: 696.2605
2024-12-17 23:13:58,422 - vae_training - INFO - Attack: drdos_netbios, Epoch: 5, Average Train Loss: 21.7553
2024-12-17 23:13:58,483 - vae_training - INFO - Attack: drdos_netbios, Epoch: 6, Batch: 0, Loss: 541.8704
2024-12-17 23:14:32,972 - vae_training - INFO - Attack: drdos_netbios, Epoch: 6, Batch: 4500, Loss: 908.4033
2024-12-17 23:14:47,474 - vae_training - INFO - Attack: drdos_netbios, Epoch: 6, Average Train Loss: 21.8541
2024-12-17 23:14:55,619 - vae_training - INFO - Attack: drdos_netbios, Epoch: 6, Train Loss: 21.8541, Average Val Loss: 35.8016
2024-12-17 23:14:55,623 - vae_training - INFO - Saved new best model with validation loss: 35.80
2024-12-17 23:14:55,694 - vae_training - INFO - Attack: drdos_netbios, Epoch: 7, Batch: 0, Loss: 613.9528
2024-12-17 23:15:30,019 - vae_training - INFO - Attack: drdos_netbios, Epoch: 7, Batch: 4500, Loss: 536.2295
2024-12-17 23:15:44,608 - vae_training - INFO - Attack: drdos_netbios, Epoch: 7, Average Train Loss: 21.3869
2024-12-17 23:15:44,672 - vae_training - INFO - Attack: drdos_netbios, Epoch: 8, Batch: 0, Loss: 5744.0366
2024-12-17 23:16:19,991 - vae_training - INFO - Attack: drdos_netbios, Epoch: 8, Batch: 4500, Loss: 1283.5955
2024-12-17 23:16:35,302 - vae_training - INFO - Attack: drdos_netbios, Epoch: 8, Average Train Loss: 21.0434
2024-12-17 23:16:35,366 - vae_training - INFO - Attack: drdos_netbios, Epoch: 9, Batch: 0, Loss: 511.6765
2024-12-17 23:17:12,062 - vae_training - INFO - Attack: drdos_netbios, Epoch: 9, Batch: 4500, Loss: 664.1587
2024-12-17 23:17:27,184 - vae_training - INFO - Attack: drdos_netbios, Epoch: 9, Average Train Loss: 20.8812
2024-12-17 23:17:35,344 - vae_training - INFO - Attack: drdos_netbios, Epoch: 9, Train Loss: 20.8812, Average Val Loss: 35.1391
2024-12-17 23:17:35,349 - vae_training - INFO - Saved new best model with validation loss: 35.14
2024-12-17 23:17:35,421 - vae_training - INFO - Attack: drdos_netbios, Epoch: 10, Batch: 0, Loss: 529.4543
2024-12-17 23:18:11,272 - vae_training - INFO - Attack: drdos_netbios, Epoch: 10, Batch: 4500, Loss: 5753.2920
2024-12-17 23:18:26,721 - vae_training - INFO - Attack: drdos_netbios, Epoch: 10, Average Train Loss: 20.9129
2024-12-17 23:18:26,788 - vae_training - INFO - Attack: drdos_netbios, Epoch: 11, Batch: 0, Loss: 605.2103
2024-12-17 23:19:03,677 - vae_training - INFO - Attack: drdos_netbios, Epoch: 11, Batch: 4500, Loss: 1041.4408
2024-12-17 23:19:19,667 - vae_training - INFO - Attack: drdos_netbios, Epoch: 11, Average Train Loss: 20.4384
2024-12-17 23:19:19,728 - vae_training - INFO - Attack: drdos_netbios, Epoch: 12, Batch: 0, Loss: 776.2410
2024-12-17 23:19:56,579 - vae_training - INFO - Attack: drdos_netbios, Epoch: 12, Batch: 4500, Loss: 553.8462
2024-12-17 23:20:12,436 - vae_training - INFO - Attack: drdos_netbios, Epoch: 12, Average Train Loss: 20.3593
2024-12-17 23:20:20,686 - vae_training - INFO - Attack: drdos_netbios, Epoch: 12, Train Loss: 20.3593, Average Val Loss: 34.5486
2024-12-17 23:20:20,691 - vae_training - INFO - Saved new best model with validation loss: 34.55
2024-12-17 23:20:20,750 - vae_training - INFO - Attack: drdos_netbios, Epoch: 13, Batch: 0, Loss: 708.4143
2024-12-17 23:20:57,993 - vae_training - INFO - Attack: drdos_netbios, Epoch: 13, Batch: 4500, Loss: 555.0727
2024-12-17 23:21:13,565 - vae_training - INFO - Attack: drdos_netbios, Epoch: 13, Average Train Loss: 20.3498
2024-12-17 23:21:13,634 - vae_training - INFO - Attack: drdos_netbios, Epoch: 14, Batch: 0, Loss: 554.2563
2024-12-17 23:21:53,726 - vae_training - INFO - Attack: drdos_netbios, Epoch: 14, Batch: 4500, Loss: 1235.2986
2024-12-17 23:22:11,048 - vae_training - INFO - Attack: drdos_netbios, Epoch: 14, Average Train Loss: 20.1969
2024-12-17 23:22:11,121 - vae_training - INFO - Attack: drdos_netbios, Epoch: 15, Batch: 0, Loss: 571.9022
2024-12-17 23:23:04,656 - vae_training - INFO - Attack: drdos_netbios, Epoch: 15, Batch: 4500, Loss: 538.5641
2024-12-17 23:23:32,953 - vae_training - INFO - Attack: drdos_netbios, Epoch: 15, Average Train Loss: 19.8508
2024-12-17 23:23:59,165 - vae_training - INFO - Attack: drdos_netbios, Epoch: 15, Train Loss: 19.8508, Average Val Loss: 34.1983
2024-12-17 23:23:59,198 - vae_training - INFO - Saved new best model with validation loss: 34.20
2024-12-17 23:23:59,573 - vae_training - INFO - Attack: drdos_netbios, Epoch: 16, Batch: 0, Loss: 2252.0796
2024-12-17 23:24:50,647 - vae_training - INFO - Attack: drdos_netbios, Epoch: 16, Batch: 4500, Loss: 713.3082
2024-12-17 23:25:09,873 - vae_training - INFO - Attack: drdos_netbios, Epoch: 16, Average Train Loss: 19.7264
2024-12-17 23:25:09,957 - vae_training - INFO - Attack: drdos_netbios, Epoch: 17, Batch: 0, Loss: 464.0519
2024-12-17 23:25:58,257 - vae_training - INFO - Attack: drdos_netbios, Epoch: 17, Batch: 4500, Loss: 21857.1914
2024-12-17 23:26:18,369 - vae_training - INFO - Attack: drdos_netbios, Epoch: 17, Average Train Loss: 19.8050
2024-12-17 23:26:18,458 - vae_training - INFO - Attack: drdos_netbios, Epoch: 18, Batch: 0, Loss: 676.5891
2024-12-17 23:27:05,463 - vae_training - INFO - Attack: drdos_netbios, Epoch: 18, Batch: 4500, Loss: 559.0725
2024-12-17 23:27:26,876 - vae_training - INFO - Attack: drdos_netbios, Epoch: 18, Average Train Loss: 19.7047
2024-12-17 23:27:38,712 - vae_training - INFO - Attack: drdos_netbios, Epoch: 18, Train Loss: 19.7047, Average Val Loss: 33.8677
2024-12-17 23:27:38,720 - vae_training - INFO - Saved new best model with validation loss: 33.87
2024-12-17 23:27:38,812 - vae_training - INFO - Attack: drdos_netbios, Epoch: 19, Batch: 0, Loss: 3856.9634
2024-12-17 23:28:27,131 - vae_training - INFO - Attack: drdos_netbios, Epoch: 19, Batch: 4500, Loss: 587.2967
2024-12-17 23:28:48,534 - vae_training - INFO - Attack: drdos_netbios, Epoch: 19, Average Train Loss: 19.4784
2024-12-17 23:28:48,535 - vae_training - INFO - 
Starting training for attack type: drdos_ntp
2024-12-17 23:29:03,154 - vae_training - INFO - Loading previous model to continue training
2024-12-17 23:29:03,257 - vae_training - INFO - Attack: drdos_ntp, Epoch: 0, Batch: 0, Loss: 20039.7852
2024-12-17 23:29:24,977 - vae_training - INFO - Attack: drdos_ntp, Epoch: 0, Average Train Loss: 51.9987
2024-12-17 23:29:27,755 - vae_training - INFO - Attack: drdos_ntp, Epoch: 0, Train Loss: 51.9987, Average Val Loss: 40.3271
2024-12-17 23:29:27,765 - vae_training - INFO - Saved new best model with validation loss: 40.33
2024-12-17 23:29:27,795 - vae_training - INFO - Attack: drdos_ntp, Epoch: 1, Batch: 0, Loss: 13859.3779
2024-12-17 23:29:47,434 - vae_training - INFO - Attack: drdos_ntp, Epoch: 1, Average Train Loss: 33.0527
2024-12-17 23:29:47,462 - vae_training - INFO - Attack: drdos_ntp, Epoch: 2, Batch: 0, Loss: 2627.8174
2024-12-17 23:30:07,268 - vae_training - INFO - Attack: drdos_ntp, Epoch: 2, Average Train Loss: 28.9978
2024-12-17 23:30:07,295 - vae_training - INFO - Attack: drdos_ntp, Epoch: 3, Batch: 0, Loss: 3785.3760
2024-12-17 23:30:26,838 - vae_training - INFO - Attack: drdos_ntp, Epoch: 3, Average Train Loss: 27.2344
2024-12-17 23:30:29,599 - vae_training - INFO - Attack: drdos_ntp, Epoch: 3, Train Loss: 27.2344, Average Val Loss: 31.3846
2024-12-17 23:30:29,607 - vae_training - INFO - Saved new best model with validation loss: 31.38
2024-12-17 23:30:29,641 - vae_training - INFO - Attack: drdos_ntp, Epoch: 4, Batch: 0, Loss: 8085.3232
2024-12-17 23:30:49,555 - vae_training - INFO - Attack: drdos_ntp, Epoch: 4, Average Train Loss: 25.1967
2024-12-17 23:30:49,583 - vae_training - INFO - Attack: drdos_ntp, Epoch: 5, Batch: 0, Loss: 5884.3101
2024-12-17 23:31:09,612 - vae_training - INFO - Attack: drdos_ntp, Epoch: 5, Average Train Loss: 24.3730
2024-12-17 23:31:09,639 - vae_training - INFO - Attack: drdos_ntp, Epoch: 6, Batch: 0, Loss: 20339.6465
2024-12-17 23:31:30,806 - vae_training - INFO - Attack: drdos_ntp, Epoch: 6, Average Train Loss: 23.4329
2024-12-17 23:31:33,547 - vae_training - INFO - Attack: drdos_ntp, Epoch: 6, Train Loss: 23.4329, Average Val Loss: 28.2173
2024-12-17 23:31:33,553 - vae_training - INFO - Saved new best model with validation loss: 28.22
2024-12-17 23:31:33,580 - vae_training - INFO - Attack: drdos_ntp, Epoch: 7, Batch: 0, Loss: 481765.5312
2024-12-17 23:31:55,713 - vae_training - INFO - Attack: drdos_ntp, Epoch: 7, Average Train Loss: 22.5698
2024-12-17 23:31:55,743 - vae_training - INFO - Attack: drdos_ntp, Epoch: 8, Batch: 0, Loss: 1684.9574
2024-12-17 23:32:17,788 - vae_training - INFO - Attack: drdos_ntp, Epoch: 8, Average Train Loss: 22.1559
2024-12-17 23:32:17,817 - vae_training - INFO - Attack: drdos_ntp, Epoch: 9, Batch: 0, Loss: 3917.9014
2024-12-17 23:32:41,718 - vae_training - INFO - Attack: drdos_ntp, Epoch: 9, Average Train Loss: 21.2206
2024-12-17 23:32:50,338 - vae_training - INFO - Attack: drdos_ntp, Epoch: 9, Train Loss: 21.2206, Average Val Loss: 26.5479
2024-12-17 23:32:50,366 - vae_training - INFO - Saved new best model with validation loss: 26.55
2024-12-17 23:32:50,408 - vae_training - INFO - Attack: drdos_ntp, Epoch: 10, Batch: 0, Loss: 3806.3364
2024-12-17 23:33:11,988 - vae_training - INFO - Attack: drdos_ntp, Epoch: 10, Average Train Loss: 20.7767
2024-12-17 23:33:12,019 - vae_training - INFO - Attack: drdos_ntp, Epoch: 11, Batch: 0, Loss: 36214.4219
2024-12-17 23:33:34,602 - vae_training - INFO - Attack: drdos_ntp, Epoch: 11, Average Train Loss: 20.3683
2024-12-17 23:33:34,634 - vae_training - INFO - Attack: drdos_ntp, Epoch: 12, Batch: 0, Loss: 1245.8510
2024-12-17 23:34:01,944 - vae_training - INFO - Attack: drdos_ntp, Epoch: 12, Average Train Loss: 20.0447
2024-12-17 23:34:05,897 - vae_training - INFO - Attack: drdos_ntp, Epoch: 12, Train Loss: 20.0447, Average Val Loss: 25.1618
2024-12-17 23:34:05,905 - vae_training - INFO - Saved new best model with validation loss: 25.16
2024-12-17 23:34:05,937 - vae_training - INFO - Attack: drdos_ntp, Epoch: 13, Batch: 0, Loss: 2187.7327
2024-12-17 23:34:32,238 - vae_training - INFO - Attack: drdos_ntp, Epoch: 13, Average Train Loss: 19.4779
2024-12-17 23:34:32,269 - vae_training - INFO - Attack: drdos_ntp, Epoch: 14, Batch: 0, Loss: 2110.4697
2024-12-17 23:34:55,332 - vae_training - INFO - Attack: drdos_ntp, Epoch: 14, Average Train Loss: 19.3726
2024-12-17 23:34:55,366 - vae_training - INFO - Attack: drdos_ntp, Epoch: 15, Batch: 0, Loss: 1119.6293
2024-12-17 23:35:22,421 - vae_training - INFO - Attack: drdos_ntp, Epoch: 15, Average Train Loss: 18.6360
2024-12-17 23:35:26,631 - vae_training - INFO - Attack: drdos_ntp, Epoch: 15, Train Loss: 18.6360, Average Val Loss: 24.2499
2024-12-17 23:35:26,639 - vae_training - INFO - Saved new best model with validation loss: 24.25
2024-12-17 23:35:26,672 - vae_training - INFO - Attack: drdos_ntp, Epoch: 16, Batch: 0, Loss: 467867.5938
2024-12-17 23:35:51,820 - vae_training - INFO - Attack: drdos_ntp, Epoch: 16, Average Train Loss: 18.5529
2024-12-17 23:35:51,853 - vae_training - INFO - Attack: drdos_ntp, Epoch: 17, Batch: 0, Loss: 8471.5391
2024-12-17 23:37:09,959 - vae_training - INFO - Attack: drdos_ntp, Epoch: 17, Average Train Loss: 18.2249
2024-12-17 23:37:09,995 - vae_training - INFO - Attack: drdos_ntp, Epoch: 18, Batch: 0, Loss: 1739.2391
2024-12-17 23:39:16,071 - vae_training - INFO - Attack: drdos_ntp, Epoch: 18, Average Train Loss: 18.0401
2024-12-17 23:39:27,716 - vae_training - INFO - Attack: drdos_ntp, Epoch: 18, Train Loss: 18.0401, Average Val Loss: 23.5280
2024-12-17 23:39:27,723 - vae_training - INFO - Saved new best model with validation loss: 23.53
2024-12-17 23:39:27,772 - vae_training - INFO - Attack: drdos_ntp, Epoch: 19, Batch: 0, Loss: 1800.8695
2024-12-17 23:40:46,891 - vae_training - INFO - Attack: drdos_ntp, Epoch: 19, Average Train Loss: 17.7588
2024-12-17 23:40:46,892 - vae_training - INFO - 
Starting training for attack type: drdos_snmp
2024-12-17 23:42:24,319 - vae_training - INFO - Loading previous model to continue training
2024-12-17 23:42:25,398 - vae_training - INFO - Attack: drdos_snmp, Epoch: 0, Batch: 0, Loss: 2851.7502
2024-12-17 23:43:33,902 - vae_training - INFO - Attack: drdos_snmp, Epoch: 0, Batch: 4500, Loss: 703.5363
2024-12-17 23:44:21,709 - vae_training - INFO - Attack: drdos_snmp, Epoch: 0, Average Train Loss: 34.3514
2024-12-17 23:44:37,933 - vae_training - INFO - Attack: drdos_snmp, Epoch: 0, Train Loss: 34.3514, Average Val Loss: 61.1416
2024-12-17 23:44:37,952 - vae_training - INFO - Saved new best model with validation loss: 61.14
2024-12-17 23:44:38,069 - vae_training - INFO - Attack: drdos_snmp, Epoch: 1, Batch: 0, Loss: 725.4358
2024-12-17 23:45:39,025 - vae_training - INFO - Attack: drdos_snmp, Epoch: 1, Batch: 4500, Loss: 797.2083
2024-12-17 23:46:26,599 - vae_training - INFO - Attack: drdos_snmp, Epoch: 1, Average Train Loss: 28.9688
2024-12-17 23:46:26,718 - vae_training - INFO - Attack: drdos_snmp, Epoch: 2, Batch: 0, Loss: 766.9652
2024-12-17 23:47:29,842 - vae_training - INFO - Attack: drdos_snmp, Epoch: 2, Batch: 4500, Loss: 748.9838
2024-12-17 23:48:18,511 - vae_training - INFO - Attack: drdos_snmp, Epoch: 2, Average Train Loss: 28.0835
2024-12-17 23:48:18,624 - vae_training - INFO - Attack: drdos_snmp, Epoch: 3, Batch: 0, Loss: 687.9863
2024-12-17 23:49:18,255 - vae_training - INFO - Attack: drdos_snmp, Epoch: 3, Batch: 4500, Loss: 579.9402
2024-12-17 23:50:03,479 - vae_training - INFO - Attack: drdos_snmp, Epoch: 3, Average Train Loss: 26.6914
2024-12-17 23:50:34,975 - vae_training - INFO - Attack: drdos_snmp, Epoch: 3, Train Loss: 26.6914, Average Val Loss: 55.6511
2024-12-17 23:50:35,005 - vae_training - INFO - Saved new best model with validation loss: 55.65
2024-12-17 23:50:35,494 - vae_training - INFO - Attack: drdos_snmp, Epoch: 4, Batch: 0, Loss: 10763.3691
2024-12-17 23:51:42,853 - vae_training - INFO - Attack: drdos_snmp, Epoch: 4, Batch: 4500, Loss: 3188.2654
2024-12-17 23:52:27,854 - vae_training - INFO - Attack: drdos_snmp, Epoch: 4, Average Train Loss: 26.1107
2024-12-17 23:52:27,970 - vae_training - INFO - Attack: drdos_snmp, Epoch: 5, Batch: 0, Loss: 742.9449
2024-12-17 23:53:24,020 - vae_training - INFO - Attack: drdos_snmp, Epoch: 5, Batch: 4500, Loss: 592.7502
2024-12-17 23:54:08,687 - vae_training - INFO - Attack: drdos_snmp, Epoch: 5, Average Train Loss: 25.3036
2024-12-17 23:54:08,797 - vae_training - INFO - Attack: drdos_snmp, Epoch: 6, Batch: 0, Loss: 29806.4707
2024-12-17 23:55:03,482 - vae_training - INFO - Attack: drdos_snmp, Epoch: 6, Batch: 4500, Loss: 664.8689
2024-12-17 23:55:47,165 - vae_training - INFO - Attack: drdos_snmp, Epoch: 6, Average Train Loss: 25.2685
2024-12-17 23:56:19,992 - vae_training - INFO - Attack: drdos_snmp, Epoch: 6, Train Loss: 25.2685, Average Val Loss: 54.7162
2024-12-17 23:56:20,018 - vae_training - INFO - Saved new best model with validation loss: 54.72
2024-12-17 23:56:20,438 - vae_training - INFO - Attack: drdos_snmp, Epoch: 7, Batch: 0, Loss: 689.5040
2024-12-17 23:57:26,103 - vae_training - INFO - Attack: drdos_snmp, Epoch: 7, Batch: 4500, Loss: 591.6367
2024-12-17 23:58:09,869 - vae_training - INFO - Attack: drdos_snmp, Epoch: 7, Average Train Loss: 24.5235
2024-12-17 23:58:09,992 - vae_training - INFO - Attack: drdos_snmp, Epoch: 8, Batch: 0, Loss: 72989.1641
2024-12-17 23:59:04,427 - vae_training - INFO - Attack: drdos_snmp, Epoch: 8, Batch: 4500, Loss: 649.5695
2024-12-17 23:59:49,389 - vae_training - INFO - Attack: drdos_snmp, Epoch: 8, Average Train Loss: 24.5234
2024-12-17 23:59:49,493 - vae_training - INFO - Attack: drdos_snmp, Epoch: 9, Batch: 0, Loss: 595.8220
2024-12-18 00:00:44,524 - vae_training - INFO - Attack: drdos_snmp, Epoch: 9, Batch: 4500, Loss: 511.8821
2024-12-18 00:01:27,887 - vae_training - INFO - Attack: drdos_snmp, Epoch: 9, Average Train Loss: 24.1805
2024-12-18 00:01:57,115 - vae_training - INFO - Attack: drdos_snmp, Epoch: 9, Train Loss: 24.1805, Average Val Loss: 52.3108
2024-12-18 00:01:57,140 - vae_training - INFO - Saved new best model with validation loss: 52.31
2024-12-18 00:01:57,476 - vae_training - INFO - Attack: drdos_snmp, Epoch: 10, Batch: 0, Loss: 672.3054
2024-12-18 00:02:56,324 - vae_training - INFO - Attack: drdos_snmp, Epoch: 10, Batch: 4500, Loss: 609.6113
2024-12-18 00:03:40,453 - vae_training - INFO - Attack: drdos_snmp, Epoch: 10, Average Train Loss: 23.9287
2024-12-18 00:03:40,563 - vae_training - INFO - Attack: drdos_snmp, Epoch: 11, Batch: 0, Loss: 661.8009
2024-12-18 00:04:35,606 - vae_training - INFO - Attack: drdos_snmp, Epoch: 11, Batch: 4500, Loss: 553.5334
2024-12-18 00:05:19,533 - vae_training - INFO - Attack: drdos_snmp, Epoch: 11, Average Train Loss: 23.2075
2024-12-18 00:05:19,644 - vae_training - INFO - Attack: drdos_snmp, Epoch: 12, Batch: 0, Loss: 700.8303
2024-12-18 00:06:14,481 - vae_training - INFO - Attack: drdos_snmp, Epoch: 12, Batch: 4500, Loss: 520.7241
2024-12-18 00:06:58,142 - vae_training - INFO - Attack: drdos_snmp, Epoch: 12, Average Train Loss: 23.1702
2024-12-18 00:07:22,307 - vae_training - INFO - Attack: drdos_snmp, Epoch: 12, Train Loss: 23.1702, Average Val Loss: 50.4955
2024-12-18 00:07:22,333 - vae_training - INFO - Saved new best model with validation loss: 50.50
2024-12-18 00:07:22,509 - vae_training - INFO - Attack: drdos_snmp, Epoch: 13, Batch: 0, Loss: 1004.7812
2024-12-18 00:08:20,061 - vae_training - INFO - Attack: drdos_snmp, Epoch: 13, Batch: 4500, Loss: 657.0197
2024-12-18 00:09:02,660 - vae_training - INFO - Attack: drdos_snmp, Epoch: 13, Average Train Loss: 22.9653
2024-12-18 00:09:02,772 - vae_training - INFO - Attack: drdos_snmp, Epoch: 14, Batch: 0, Loss: 584.6682
2024-12-18 00:10:29,170 - vae_training - INFO - Attack: drdos_snmp, Epoch: 14, Batch: 4500, Loss: 2553.2266
2024-12-18 00:11:49,257 - vae_training - INFO - Attack: drdos_snmp, Epoch: 14, Average Train Loss: 22.7238
2024-12-18 00:11:49,390 - vae_training - INFO - Attack: drdos_snmp, Epoch: 15, Batch: 0, Loss: 563.5849
2024-12-18 00:13:28,999 - vae_training - INFO - Attack: drdos_snmp, Epoch: 15, Batch: 4500, Loss: 1890.8318
2024-12-18 00:14:20,202 - vae_training - INFO - Attack: drdos_snmp, Epoch: 15, Average Train Loss: 22.5163
2024-12-18 00:14:52,397 - vae_training - INFO - Attack: drdos_snmp, Epoch: 15, Train Loss: 22.5163, Average Val Loss: 48.9242
2024-12-18 00:14:52,426 - vae_training - INFO - Saved new best model with validation loss: 48.92
2024-12-18 00:14:52,785 - vae_training - INFO - Attack: drdos_snmp, Epoch: 16, Batch: 0, Loss: 624.2272
2024-12-18 00:15:44,685 - vae_training - INFO - Attack: drdos_snmp, Epoch: 16, Batch: 4500, Loss: 516.4257
2024-12-18 00:16:21,571 - vae_training - INFO - Attack: drdos_snmp, Epoch: 16, Average Train Loss: 22.3908
2024-12-18 00:16:21,680 - vae_training - INFO - Attack: drdos_snmp, Epoch: 17, Batch: 0, Loss: 524.9624
2024-12-18 00:17:09,997 - vae_training - INFO - Attack: drdos_snmp, Epoch: 17, Batch: 4500, Loss: 613.4757
2024-12-18 00:18:35,339 - vae_training - INFO - Attack: drdos_snmp, Epoch: 17, Average Train Loss: 22.2777
2024-12-18 00:18:35,489 - vae_training - INFO - Attack: drdos_snmp, Epoch: 18, Batch: 0, Loss: 4055.2507
2024-12-18 00:20:25,804 - vae_training - INFO - Attack: drdos_snmp, Epoch: 18, Batch: 4500, Loss: 1930.1327
2024-12-18 00:21:54,591 - vae_training - INFO - Attack: drdos_snmp, Epoch: 18, Average Train Loss: 21.8396
2024-12-18 00:22:38,496 - vae_training - INFO - Attack: drdos_snmp, Epoch: 18, Train Loss: 21.8396, Average Val Loss: 50.4844
2024-12-18 00:22:38,510 - vae_training - INFO - Patience counter: 1/3
2024-12-18 00:22:38,877 - vae_training - INFO - Attack: drdos_snmp, Epoch: 19, Batch: 0, Loss: 511.7760
2024-12-18 00:24:38,006 - vae_training - INFO - Attack: drdos_snmp, Epoch: 19, Batch: 4500, Loss: 723.4190
2024-12-18 00:25:56,114 - vae_training - INFO - Attack: drdos_snmp, Epoch: 19, Average Train Loss: 21.8123
2024-12-18 00:25:56,116 - vae_training - INFO - 
Starting training for attack type: drdos_ssdp
2024-12-18 00:26:44,423 - vae_training - INFO - Loading previous model to continue training
2024-12-18 00:26:44,840 - vae_training - INFO - Attack: drdos_ssdp, Epoch: 0, Batch: 0, Loss: 3451.4036
2024-12-18 00:28:26,623 - vae_training - INFO - Attack: drdos_ssdp, Epoch: 0, Average Train Loss: 28.0223
2024-12-18 00:28:41,859 - vae_training - INFO - Attack: drdos_ssdp, Epoch: 0, Train Loss: 28.0223, Average Val Loss: 29.2064
2024-12-18 00:28:41,880 - vae_training - INFO - Saved new best model with validation loss: 29.21
2024-12-18 00:28:41,955 - vae_training - INFO - Attack: drdos_ssdp, Epoch: 1, Batch: 0, Loss: 1111.1682
2024-12-18 00:30:21,735 - vae_training - INFO - Attack: drdos_ssdp, Epoch: 1, Average Train Loss: 25.1166
2024-12-18 00:30:21,826 - vae_training - INFO - Attack: drdos_ssdp, Epoch: 2, Batch: 0, Loss: 974.7551
2024-12-18 00:31:56,821 - vae_training - INFO - Attack: drdos_ssdp, Epoch: 2, Average Train Loss: 23.9671
2024-12-18 00:31:56,905 - vae_training - INFO - Attack: drdos_ssdp, Epoch: 3, Batch: 0, Loss: 993.2376
2024-12-18 00:33:36,729 - vae_training - INFO - Attack: drdos_ssdp, Epoch: 3, Average Train Loss: 23.5078
2024-12-18 00:33:51,791 - vae_training - INFO - Attack: drdos_ssdp, Epoch: 3, Train Loss: 23.5078, Average Val Loss: 26.1588
2024-12-18 00:33:51,804 - vae_training - INFO - Saved new best model with validation loss: 26.16
2024-12-18 00:33:51,879 - vae_training - INFO - Attack: drdos_ssdp, Epoch: 4, Batch: 0, Loss: 978.1571
2024-12-18 00:35:31,435 - vae_training - INFO - Attack: drdos_ssdp, Epoch: 4, Average Train Loss: 22.6176
2024-12-18 00:35:31,520 - vae_training - INFO - Attack: drdos_ssdp, Epoch: 5, Batch: 0, Loss: 737.6913
2024-12-18 00:37:05,768 - vae_training - INFO - Attack: drdos_ssdp, Epoch: 5, Average Train Loss: 22.3848
2024-12-18 00:37:05,844 - vae_training - INFO - Attack: drdos_ssdp, Epoch: 6, Batch: 0, Loss: 836.4325
2024-12-18 00:38:30,813 - vae_training - INFO - Attack: drdos_ssdp, Epoch: 6, Average Train Loss: 22.2438
2024-12-18 00:38:43,960 - vae_training - INFO - Attack: drdos_ssdp, Epoch: 6, Train Loss: 22.2438, Average Val Loss: 25.5690
2024-12-18 00:38:43,968 - vae_training - INFO - Saved new best model with validation loss: 25.57
2024-12-18 00:38:44,037 - vae_training - INFO - Attack: drdos_ssdp, Epoch: 7, Batch: 0, Loss: 873.5380
2024-12-18 00:39:28,414 - vae_training - INFO - Attack: drdos_ssdp, Epoch: 7, Average Train Loss: 22.0671
2024-12-18 00:39:28,466 - vae_training - INFO - Attack: drdos_ssdp, Epoch: 8, Batch: 0, Loss: 882.3953
2024-12-18 00:40:14,220 - vae_training - INFO - Attack: drdos_ssdp, Epoch: 8, Average Train Loss: 21.2811
2024-12-18 00:40:14,299 - vae_training - INFO - Attack: drdos_ssdp, Epoch: 9, Batch: 0, Loss: 910.3513
2024-12-18 00:41:49,289 - vae_training - INFO - Attack: drdos_ssdp, Epoch: 9, Average Train Loss: 21.4661
2024-12-18 00:42:05,037 - vae_training - INFO - Attack: drdos_ssdp, Epoch: 9, Train Loss: 21.4661, Average Val Loss: 24.8982
2024-12-18 00:42:05,048 - vae_training - INFO - Saved new best model with validation loss: 24.90
2024-12-18 00:42:05,122 - vae_training - INFO - Attack: drdos_ssdp, Epoch: 10, Batch: 0, Loss: 843.8825
2024-12-18 00:43:43,310 - vae_training - INFO - Attack: drdos_ssdp, Epoch: 10, Average Train Loss: 21.6639
2024-12-18 00:43:43,405 - vae_training - INFO - Attack: drdos_ssdp, Epoch: 11, Batch: 0, Loss: 861.2266
2024-12-18 00:45:06,779 - vae_training - INFO - Attack: drdos_ssdp, Epoch: 11, Average Train Loss: 20.8424
2024-12-18 00:45:06,871 - vae_training - INFO - Attack: drdos_ssdp, Epoch: 12, Batch: 0, Loss: 869.0360
2024-12-18 00:46:40,176 - vae_training - INFO - Attack: drdos_ssdp, Epoch: 12, Average Train Loss: 21.4494
2024-12-18 00:46:55,115 - vae_training - INFO - Attack: drdos_ssdp, Epoch: 12, Train Loss: 21.4494, Average Val Loss: 24.5790
2024-12-18 00:46:55,124 - vae_training - INFO - Saved new best model with validation loss: 24.58
2024-12-18 00:46:55,198 - vae_training - INFO - Attack: drdos_ssdp, Epoch: 13, Batch: 0, Loss: 3198.4802
2024-12-18 00:48:34,626 - vae_training - INFO - Attack: drdos_ssdp, Epoch: 13, Average Train Loss: 21.1430
2024-12-18 00:48:34,721 - vae_training - INFO - Attack: drdos_ssdp, Epoch: 14, Batch: 0, Loss: 817.7272
2024-12-18 00:50:14,597 - vae_training - INFO - Attack: drdos_ssdp, Epoch: 14, Average Train Loss: 21.1354
2024-12-18 00:50:14,697 - vae_training - INFO - Attack: drdos_ssdp, Epoch: 15, Batch: 0, Loss: 695.0930
2024-12-18 00:51:48,961 - vae_training - INFO - Attack: drdos_ssdp, Epoch: 15, Average Train Loss: 20.7088
2024-12-18 00:51:58,538 - vae_training - INFO - Attack: drdos_ssdp, Epoch: 15, Train Loss: 20.7088, Average Val Loss: 24.4577
2024-12-18 00:51:58,545 - vae_training - INFO - Saved new best model with validation loss: 24.46
2024-12-18 00:51:58,596 - vae_training - INFO - Attack: drdos_ssdp, Epoch: 16, Batch: 0, Loss: 841.5447
2024-12-18 00:53:37,774 - vae_training - INFO - Attack: drdos_ssdp, Epoch: 16, Average Train Loss: 21.2025
2024-12-18 00:53:37,846 - vae_training - INFO - Attack: drdos_ssdp, Epoch: 17, Batch: 0, Loss: 803.4905
2024-12-18 00:55:17,734 - vae_training - INFO - Attack: drdos_ssdp, Epoch: 17, Average Train Loss: 20.3041
2024-12-18 00:55:17,812 - vae_training - INFO - Attack: drdos_ssdp, Epoch: 18, Batch: 0, Loss: 877.9872
2024-12-18 00:56:57,404 - vae_training - INFO - Attack: drdos_ssdp, Epoch: 18, Average Train Loss: 20.1370
2024-12-18 00:57:05,887 - vae_training - INFO - Attack: drdos_ssdp, Epoch: 18, Train Loss: 20.1370, Average Val Loss: 23.5527
2024-12-18 00:57:05,898 - vae_training - INFO - Saved new best model with validation loss: 23.55
2024-12-18 00:57:06,001 - vae_training - INFO - Attack: drdos_ssdp, Epoch: 19, Batch: 0, Loss: 16432.3828
2024-12-18 00:58:22,301 - vae_training - INFO - Attack: drdos_ssdp, Epoch: 19, Average Train Loss: 19.9020
2024-12-18 00:58:22,301 - vae_training - INFO - 
Starting training for attack type: drdos_udp
2024-12-18 00:59:12,318 - vae_training - INFO - Loading previous model to continue training
2024-12-18 00:59:12,965 - vae_training - INFO - Attack: drdos_udp, Epoch: 0, Batch: 0, Loss: 2594.7200
2024-12-18 01:00:48,063 - vae_training - INFO - Attack: drdos_udp, Epoch: 0, Batch: 4500, Loss: 5124.2236
2024-12-18 01:00:58,101 - vae_training - INFO - Attack: drdos_udp, Epoch: 0, Average Train Loss: 22.3455
2024-12-18 01:01:12,053 - vae_training - INFO - Attack: drdos_udp, Epoch: 0, Train Loss: 22.3455, Average Val Loss: 12.5580
2024-12-18 01:01:12,065 - vae_training - INFO - Saved new best model with validation loss: 12.56
2024-12-18 01:01:12,132 - vae_training - INFO - Attack: drdos_udp, Epoch: 1, Batch: 0, Loss: 749.4898
2024-12-18 01:02:43,147 - vae_training - INFO - Attack: drdos_udp, Epoch: 1, Batch: 4500, Loss: 868.8184
2024-12-18 01:02:53,452 - vae_training - INFO - Attack: drdos_udp, Epoch: 1, Average Train Loss: 19.7706
2024-12-18 01:02:53,566 - vae_training - INFO - Attack: drdos_udp, Epoch: 2, Batch: 0, Loss: 1502.7604
2024-12-18 01:04:31,165 - vae_training - INFO - Attack: drdos_udp, Epoch: 2, Batch: 4500, Loss: 883.4761
2024-12-18 01:04:40,843 - vae_training - INFO - Attack: drdos_udp, Epoch: 2, Average Train Loss: 19.4914
2024-12-18 01:04:40,953 - vae_training - INFO - Attack: drdos_udp, Epoch: 3, Batch: 0, Loss: 882.0927
2024-12-18 01:06:12,096 - vae_training - INFO - Attack: drdos_udp, Epoch: 3, Batch: 4500, Loss: 762.7663
2024-12-18 01:06:22,121 - vae_training - INFO - Attack: drdos_udp, Epoch: 3, Average Train Loss: 19.0308
2024-12-18 01:06:40,332 - vae_training - INFO - Attack: drdos_udp, Epoch: 3, Train Loss: 19.0308, Average Val Loss: 11.9078
2024-12-18 01:06:40,345 - vae_training - INFO - Saved new best model with validation loss: 11.91
2024-12-18 01:06:40,457 - vae_training - INFO - Attack: drdos_udp, Epoch: 4, Batch: 0, Loss: 1053.1348
2024-12-18 01:08:23,528 - vae_training - INFO - Attack: drdos_udp, Epoch: 4, Batch: 4500, Loss: 7184.2988
2024-12-18 01:08:33,279 - vae_training - INFO - Attack: drdos_udp, Epoch: 4, Average Train Loss: 19.2295
2024-12-18 01:08:33,364 - vae_training - INFO - Attack: drdos_udp, Epoch: 5, Batch: 0, Loss: 869.8855
2024-12-18 01:10:04,102 - vae_training - INFO - Attack: drdos_udp, Epoch: 5, Batch: 4500, Loss: 739.2350
2024-12-18 01:10:13,915 - vae_training - INFO - Attack: drdos_udp, Epoch: 5, Average Train Loss: 18.7570
2024-12-18 01:10:14,013 - vae_training - INFO - Attack: drdos_udp, Epoch: 6, Batch: 0, Loss: 957.3790
2024-12-18 01:11:41,723 - vae_training - INFO - Attack: drdos_udp, Epoch: 6, Batch: 4500, Loss: 820.0095
2024-12-18 01:11:51,240 - vae_training - INFO - Attack: drdos_udp, Epoch: 6, Average Train Loss: 18.9861
2024-12-18 01:11:59,461 - vae_training - INFO - Attack: drdos_udp, Epoch: 6, Train Loss: 18.9861, Average Val Loss: 11.6148
2024-12-18 01:11:59,467 - vae_training - INFO - Saved new best model with validation loss: 11.61
2024-12-18 01:11:59,524 - vae_training - INFO - Attack: drdos_udp, Epoch: 7, Batch: 0, Loss: 915.5955
2024-12-18 01:12:48,560 - vae_training - INFO - Attack: drdos_udp, Epoch: 7, Batch: 4500, Loss: 741.5511
2024-12-18 01:12:52,301 - vae_training - INFO - Attack: drdos_udp, Epoch: 7, Average Train Loss: 18.6050
2024-12-18 01:12:52,363 - vae_training - INFO - Attack: drdos_udp, Epoch: 8, Batch: 0, Loss: 1208.9042
2024-12-18 01:13:34,061 - vae_training - INFO - Attack: drdos_udp, Epoch: 8, Batch: 4500, Loss: 866.3647
2024-12-18 01:13:37,994 - vae_training - INFO - Attack: drdos_udp, Epoch: 8, Average Train Loss: 18.0450
2024-12-18 01:13:38,053 - vae_training - INFO - Attack: drdos_udp, Epoch: 9, Batch: 0, Loss: 538157.1875
2024-12-18 01:14:17,432 - vae_training - INFO - Attack: drdos_udp, Epoch: 9, Batch: 4500, Loss: 769.5543
2024-12-18 01:14:20,941 - vae_training - INFO - Attack: drdos_udp, Epoch: 9, Average Train Loss: 18.3628
2024-12-18 01:14:27,463 - vae_training - INFO - Attack: drdos_udp, Epoch: 9, Train Loss: 18.3628, Average Val Loss: 11.6411
2024-12-18 01:14:27,464 - vae_training - INFO - Patience counter: 1/3
2024-12-18 01:14:27,512 - vae_training - INFO - Attack: drdos_udp, Epoch: 10, Batch: 0, Loss: 840.8750
2024-12-18 01:15:05,618 - vae_training - INFO - Attack: drdos_udp, Epoch: 10, Batch: 4500, Loss: 1069.6210
2024-12-18 01:15:08,887 - vae_training - INFO - Attack: drdos_udp, Epoch: 10, Average Train Loss: 18.1584
2024-12-18 01:15:08,934 - vae_training - INFO - Attack: drdos_udp, Epoch: 11, Batch: 0, Loss: 1639.8379
2024-12-18 01:15:46,663 - vae_training - INFO - Attack: drdos_udp, Epoch: 11, Batch: 4500, Loss: 725.0612
2024-12-18 01:15:49,942 - vae_training - INFO - Attack: drdos_udp, Epoch: 11, Average Train Loss: 18.0797
2024-12-18 01:15:49,991 - vae_training - INFO - Attack: drdos_udp, Epoch: 12, Batch: 0, Loss: 730.8647
2024-12-18 01:16:27,433 - vae_training - INFO - Attack: drdos_udp, Epoch: 12, Batch: 4500, Loss: 717.2862
2024-12-18 01:16:30,683 - vae_training - INFO - Attack: drdos_udp, Epoch: 12, Average Train Loss: 18.1693
2024-12-18 01:16:37,134 - vae_training - INFO - Attack: drdos_udp, Epoch: 12, Train Loss: 18.1693, Average Val Loss: 11.3575
2024-12-18 01:16:37,139 - vae_training - INFO - Saved new best model with validation loss: 11.36
2024-12-18 01:16:37,197 - vae_training - INFO - Attack: drdos_udp, Epoch: 13, Batch: 0, Loss: 1883.9543
2024-12-18 01:17:14,078 - vae_training - INFO - Attack: drdos_udp, Epoch: 13, Batch: 4500, Loss: 791.5361
2024-12-18 01:17:17,740 - vae_training - INFO - Attack: drdos_udp, Epoch: 13, Average Train Loss: 17.5375
2024-12-18 01:17:17,793 - vae_training - INFO - Attack: drdos_udp, Epoch: 14, Batch: 0, Loss: 897.0609
2024-12-18 01:17:55,232 - vae_training - INFO - Attack: drdos_udp, Epoch: 14, Batch: 4500, Loss: 922.1815
2024-12-18 01:17:58,390 - vae_training - INFO - Attack: drdos_udp, Epoch: 14, Average Train Loss: 17.6368
2024-12-18 01:17:58,440 - vae_training - INFO - Attack: drdos_udp, Epoch: 15, Batch: 0, Loss: 2837.5376
2024-12-18 01:18:35,468 - vae_training - INFO - Attack: drdos_udp, Epoch: 15, Batch: 4500, Loss: 1647.6467
2024-12-18 01:18:38,811 - vae_training - INFO - Attack: drdos_udp, Epoch: 15, Average Train Loss: 17.3755
2024-12-18 01:18:45,208 - vae_training - INFO - Attack: drdos_udp, Epoch: 15, Train Loss: 17.3755, Average Val Loss: 11.1559
2024-12-18 01:18:45,213 - vae_training - INFO - Saved new best model with validation loss: 11.16
2024-12-18 01:18:45,274 - vae_training - INFO - Attack: drdos_udp, Epoch: 16, Batch: 0, Loss: 860.8410
2024-12-18 01:19:21,735 - vae_training - INFO - Attack: drdos_udp, Epoch: 16, Batch: 4500, Loss: 768.9292
2024-12-18 01:19:24,977 - vae_training - INFO - Attack: drdos_udp, Epoch: 16, Average Train Loss: 17.6035
2024-12-18 01:19:25,025 - vae_training - INFO - Attack: drdos_udp, Epoch: 17, Batch: 0, Loss: 1363.9761
2024-12-18 01:20:01,606 - vae_training - INFO - Attack: drdos_udp, Epoch: 17, Batch: 4500, Loss: 1153.7095
2024-12-18 01:20:04,953 - vae_training - INFO - Attack: drdos_udp, Epoch: 17, Average Train Loss: 17.9478
2024-12-18 01:20:05,008 - vae_training - INFO - Attack: drdos_udp, Epoch: 18, Batch: 0, Loss: 843.7898
2024-12-18 01:20:42,237 - vae_training - INFO - Attack: drdos_udp, Epoch: 18, Batch: 4500, Loss: 940.8015
2024-12-18 01:20:45,824 - vae_training - INFO - Attack: drdos_udp, Epoch: 18, Average Train Loss: 17.3938
2024-12-18 01:20:52,275 - vae_training - INFO - Attack: drdos_udp, Epoch: 18, Train Loss: 17.3938, Average Val Loss: 10.8998
2024-12-18 01:20:52,280 - vae_training - INFO - Saved new best model with validation loss: 10.90
2024-12-18 01:20:52,328 - vae_training - INFO - Attack: drdos_udp, Epoch: 19, Batch: 0, Loss: 767.2139
2024-12-18 01:21:28,651 - vae_training - INFO - Attack: drdos_udp, Epoch: 19, Batch: 4500, Loss: 1916.8591
2024-12-18 01:21:31,994 - vae_training - INFO - Attack: drdos_udp, Epoch: 19, Average Train Loss: 17.0839
2024-12-18 01:21:31,995 - vae_training - INFO - 
Starting training for attack type: 
